============================= test session starts =============================
platform win32 -- Python 3.13.5, pytest-9.0.3, pluggy-1.6.0 -- C:\Users\inouy\source\sheep_dog\.venv\Scripts\python.exe
cachedir: .pytest_cache
rootdir: C:\Users\inouy\source\sheep_dog
configfile: pyproject.toml
collecting ... collected 37 items

tests/test_curriculum.py::test_available_stages_are_sorted_and_non_empty PASSED [  2%]
tests/test_curriculum.py::test_stage_one_is_simpler_than_stage_three PASSED [  5%]
tests/test_curriculum.py::test_stage_one_uses_single_dog_single_sheep PASSED [  8%]
tests/test_curriculum.py::test_stage_two_dog_speed_advantage PASSED      [ 10%]
tests/test_curriculum.py::test_unknown_stage_returns_original_config PASSED [ 13%]
tests/test_curriculum.py::test_each_stage_has_a_summary PASSED           [ 16%]
tests/test_maskable_ppo_experiment.py::test_neural_policy_initializes_and_acts PASSED [ 18%]
tests/test_maskable_ppo_experiment.py::test_rl_adapter_produces_expected_observation_shape_and_masks_invalid_actions PASSED [ 21%]
tests/test_maskable_ppo_experiment.py::test_rl_adapter_fixed_seed_sequence_is_deterministic PASSED [ 24%]
tests/test_maskable_ppo_experiment.py::test_maskable_ppo_trainer_writes_checkpoint_and_model PASSED [ 27%]
tests/test_maskable_ppo_experiment.py::test_maskable_ppo_trainer_emits_progress_updates PASSED [ 29%]
tests/test_maskable_ppo_experiment.py::test_maskable_ppo_trainer_resets_incompatible_saved_action_space PASSED [ 32%]
tests/test_maskable_ppo_experiment.py::test_maskable_ppo_trainer_resets_when_reward_signature_changes PASSED [ 35%]
tests/test_maskable_ppo_experiment.py::test_neural_checkpoint_loads_for_playback PASSED [ 37%]
tests/test_maskable_ppo_experiment.py::test_benchmark_harness_compares_multiple_policy_modes PASSED [ 40%]
tests/test_maskable_ppo_experiment.py::test_evaluator_is_deterministic_for_fixed_seed_neural_policy PASSED [ 43%]
tests/test_training_and_evaluation.py::test_checkpoint_metadata_is_written PASSED [ 45%]
tests/test_training_and_evaluation.py::test_evaluation_writes_json_and_csv PASSED [ 48%]
tests/test_training_and_evaluation.py::test_evaluation_summary_includes_success_timeout_and_completion_metrics PASSED [ 51%]
tests/test_training_and_evaluation.py::test_training_state_persists_across_runs PASSED [ 54%]
tests/test_training_and_evaluation.py::test_policy_weights_load_legacy_state_payload PASSED [ 56%]
tests/test_training_and_evaluation.py::test_policy_weights_serialize_new_role_specific_fields PASSED [ 59%]
tests/test_training_and_evaluation.py::test_hill_climber_training_saves_role_aware_weights PASSED [ 62%]
tests/test_training_and_evaluation.py::test_build_training_job_config_applies_fast_mode_and_curriculum PASSED [ 64%]
tests/test_training_and_evaluation.py::test_lab_config_old_training_payload_falls_back_to_single_candidate_seed PASSED [ 67%]
tests/test_training_and_evaluation.py::test_candidate_evaluation_uses_multiple_seeds_and_averages_scores PASSED [ 70%]
tests/test_training_and_evaluation.py::test_candidate_evaluation_summary_score_uses_averages PASSED [ 72%]
tests/test_training_and_evaluation.py::test_training_evaluation_keeps_fixed_checkpoint_seeds PASSED [ 75%]
tests/test_training_and_evaluation.py::test_load_playable_policy_reads_checkpoint_weights PASSED [ 78%]
tests/test_training_and_evaluation.py::test_load_playable_policy_uses_random_untrained_mode PASSED [ 81%]
tests/test_training_and_evaluation.py::test_create_trainer_defaults_to_hill_climb PASSED [ 83%]
tests/test_training_and_evaluation.py::test_training_config_round_trips_neural_settings PASSED [ 86%]
tests/test_training_and_evaluation.py::test_create_policy_from_name_preserves_baseline_linear_policy PASSED [ 89%]
tests/test_training_and_evaluation.py::test_create_policy_from_name_requires_config_for_neural_policy PASSED [ 91%]
tests/test_training_and_evaluation.py::test_load_playable_policy_keeps_random_policy_alias PASSED [ 94%]
tests/test_training_and_evaluation.py::test_load_playable_policy_uses_instinct_only_mode PASSED [ 97%]
tests/test_training_and_evaluation.py::test_training_manager_live_replay_writes_latest_replay PASSED [100%]

============================= 37 passed in 9.46s ==============================
